Proyecto 3parcial/app/build/intermediates/manifest_merge_blame_file/release/manifest-merger-blame-release-report.txt
1<?xml version="1.0" encoding="utf-8"?>
2<manifest xmlns:android="http://schemas.android.com/apk/res/android"
3    package="com.example.proyecto3parcial"
4    android:versionCode="1"
5    android:versionName="1.0" >
6
7    <uses-sdk
8        android:minSdkVersion="16"
8-->src\main\AndroidManifest.xml
9        android:targetSdkVersion="30" />
9-->src\main\AndroidManifest.xml
10
11    <!--
12         The ACCESS_COARSE/FINE_LOCATION permissions are not required to use
13         Google Maps Android API v2, but you must specify either coarse or fine
14         location permissions for the "MyLocation" functionality.
15    -->
16    <uses-permission android:name="android.permission.ACCESS_FINE_LOCATION" />
16-->src\main\AndroidManifest.xml:10:5-79
16-->src\main\AndroidManifest.xml:10:22-76
17    <uses-permission android:name="android.permission.INTERNET" />
17-->src\main\AndroidManifest.xml:11:5-67
17-->src\main\AndroidManifest.xml:11:22-64
18
19    <!-- Include required permissions for Google Maps API to run. -->
20    <uses-permission android:name="android.permission.ACCESS_NETWORK_STATE" />
20-->[com.google.android.gms:play-services-maps:18.0.0] AndroidManifest.xml:25:5-79
20-->[com.google.android.gms:play-services-maps:18.0.0] AndroidManifest.xml:25:22-76
21
22    <uses-feature
22-->[com.google.android.gms:play-services-maps:18.0.0] AndroidManifest.xml:28:5-30:35
23        android:glEsVersion="0x00020000"
23-->[com.google.android.gms:play-services-maps:18.0.0] AndroidManifest.xml:29:9-41
24        android:required="true" />
24-->[com.google.android.gms:play-services-maps:18.0.0] AndroidManifest.xml:30:9-32
25
26    <queries>
26-->[com.google.android.gms:play-services-maps:18.0.0] AndroidManifest.xml:32:5-36:15
27
28        <!-- Needs to be explicitly declared on Android R+ -->
29        <package android:name="com.google.android.apps.maps" />
29-->[com.google.android.gms:play-services-maps:18.0.0] AndroidManifest.xml:35:9-64
29-->[com.google.android.gms:play-services-maps:18.0.0] AndroidManifest.xml:35:18-61
30    </queries>
31
32    <application
32-->src\main\AndroidManifest.xml:14:5-68:19
33        android:allowBackup="true"
33-->src\main\AndroidManifest.xml:15:9-35
34        android:appComponentFactory="androidx.core.app.CoreComponentFactory"
34-->[androidx.core:core:1.5.0] AndroidManifest.xml:24:18-86
35        android:icon="@mipmap/ic_launcher"
35-->src\main\AndroidManifest.xml:16:9-43
36        android:label="@string/app_name"
36-->src\main\AndroidManifest.xml:17:9-41
37        android:roundIcon="@mipmap/ic_launcher_round"
37-->src\main\AndroidManifest.xml:18:9-54
38        android:supportsRtl="true"
38-->src\main\AndroidManifest.xml:19:9-35
39        android:theme="@style/Theme.Proyecto3parcial" >
39-->src\main\AndroidManifest.xml:20:9-54
40
41        <!--
42             The API key for Google Maps-based APIs is defined as a string resource.
43             (See the file "res/values/google_maps_api.xml").
44             Note that the API key is linked to the encryption key used to sign the APK.
45             You need a different API key for each encryption key, including the release key that is used to
46             sign the APK for publishing.
47             You can define the keys for the debug and release targets in src/debug/ and src/release/.
48        -->
49        <meta-data
49-->src\main\AndroidManifest.xml:30:9-32:55
50            android:name="com.google.android.geo.API_KEY"
50-->src\main\AndroidManifest.xml:31:13-58
51            android:value="@string/google_maps_key" />
51-->src\main\AndroidManifest.xml:32:13-52
52
53        <activity
53-->src\main\AndroidManifest.xml:34:9-37:64
54            android:name="com.example.proyecto3parcial.Ubicacion"
54-->src\main\AndroidManifest.xml:35:13-38
55            android:exported="false"
55-->src\main\AndroidManifest.xml:36:13-37
56            android:label="@string/title_activity_ubicacion" />
56-->src\main\AndroidManifest.xml:37:13-61
57        <activity
57-->src\main\AndroidManifest.xml:38:9-40:40
58            android:name="com.example.proyecto3parcial.CrearOrden"
58-->src\main\AndroidManifest.xml:39:13-39
59            android:exported="false" />
59-->src\main\AndroidManifest.xml:40:13-37
60        <activity
60-->src\main\AndroidManifest.xml:41:9-43:40
61            android:name="com.example.proyecto3parcial.recomendaciones"
61-->src\main\AndroidManifest.xml:42:13-44
62            android:exported="false" />
62-->src\main\AndroidManifest.xml:43:13-37
63        <activity
63-->src\main\AndroidManifest.xml:44:9-46:40
64            android:name="com.example.proyecto3parcial.ordenes"
64-->src\main\AndroidManifest.xml:45:13-36
65            android:exported="false" />
65-->src\main\AndroidManifest.xml:46:13-37
66        <activity
66-->src\main\AndroidManifest.xml:47:9-49:40
67            android:name="com.example.proyecto3parcial.platillo"
67-->src\main\AndroidManifest.xml:48:13-37
68            android:exported="false" />
68-->src\main\AndroidManifest.xml:49:13-37
69        <activity
69-->src\main\AndroidManifest.xml:50:9-52:39
70            android:name="com.example.proyecto3parcial.inicio"
70-->src\main\AndroidManifest.xml:51:13-35
71            android:exported="true" />
71-->src\main\AndroidManifest.xml:52:13-36
72        <activity
72-->src\main\AndroidManifest.xml:53:9-55:40
73            android:name="com.example.proyecto3parcial.menu"
73-->src\main\AndroidManifest.xml:54:13-33
74            android:exported="false" />
74-->src\main\AndroidManifest.xml:55:13-37
75        <activity
75-->src\main\AndroidManifest.xml:56:9-58:40
76            android:name="com.example.proyecto3parcial.Registro"
76-->src\main\AndroidManifest.xml:57:13-37
77            android:exported="false" />
77-->src\main\AndroidManifest.xml:58:13-37
78        <activity
78-->src\main\AndroidManifest.xml:59:9-67:20
79            android:name="com.example.proyecto3parcial.MainActivity"
79-->src\main\AndroidManifest.xml:60:13-41
80            android:exported="true" >
80-->src\main\AndroidManifest.xml:61:13-36
81            <intent-filter>
81-->src\main\AndroidManifest.xml:62:13-66:29
82                <action android:name="android.intent.action.MAIN" />
82-->src\main\AndroidManifest.xml:63:17-69
82-->src\main\AndroidManifest.xml:63:25-66
83
84                <category android:name="android.intent.category.LAUNCHER" />
84-->src\main\AndroidManifest.xml:65:17-77
84-->src\main\AndroidManifest.xml:65:27-74
85            </intent-filter>
86        </activity>
87        <!-- Needs to be explicitly declared on P+ -->
88        <uses-library
88-->[com.google.android.gms:play-services-maps:18.0.0] AndroidManifest.xml:41:9-43:40
89            android:name="org.apache.http.legacy"
89-->[com.google.android.gms:play-services-maps:18.0.0] AndroidManifest.xml:42:13-50
90            android:required="false" />
90-->[com.google.android.gms:play-services-maps:18.0.0] AndroidManifest.xml:43:13-37
91
92        <activity
92-->[com.google.android.gms:play-services-base:17.0.0] AndroidManifest.xml:23:9-26:75
93            android:name="com.google.android.gms.common.api.GoogleApiActivity"
93-->[com.google.android.gms:play-services-base:17.0.0] AndroidManifest.xml:24:13-79
94            android:exported="false"
94-->[com.google.android.gms:play-services-base:17.0.0] AndroidManifest.xml:25:13-37
95            android:theme="@android:style/Theme.Translucent.NoTitleBar" />
95-->[com.google.android.gms:play-services-base:17.0.0] AndroidManifest.xml:26:13-72
96
97        <meta-data
97-->[com.google.android.gms:play-services-basement:17.0.0] AndroidManifest.xml:23:9-25:69
98            android:name="com.google.android.gms.version"
98-->[com.google.android.gms:play-services-basement:17.0.0] AndroidManifest.xml:24:13-58
99            android:value="@integer/google_play_services_version" />
99-->[com.google.android.gms:play-services-basement:17.0.0] AndroidManifest.xml:25:13-66
100    </application>
101
102</manifest>